[36m[2023-01-17 10:08:25] WARNING:[0m Output directory ../../Package_test/ already exists
[36m[2023-01-17 10:08:25] INFO:[0m Run pangenome creation and analysis
[36m[2023-01-17 10:08:25] INFO:[0m snakemake --use-conda --latency-wait 20 -s /panfs/roles/Panpiper/panpiper/workflow/pangenome.smk --config out=../../Package_test/ fastq=skip fasta=../../Package_test/Quality/Assembly_filter list=../../Package_test/Quality/sample_list.txt ref=/panfs/roles/Package_test/reference/9343.fna params=../../Package_test/parameters.tab --cores 40
[36m[2023-01-17 10:10:36] ERROR:[0m Building DAG of jobs...
[36m[2023-01-17 10:10:36] ERROR:[0m Your conda installation is not configured to use strict channel priorities. This is however crucial for having robust and correct environments (for details, see https://conda-forge.org/docs/user/tipsandtricks.html). Please consider to configure strict priorities by executing 'conda config --set channel_priority strict'.
[36m[2023-01-17 10:10:36] ERROR:[0m Creating conda environment workflow/envs/pangenome.yml...
[36m[2023-01-17 10:10:36] ERROR:[0m Downloading and installing remote packages.
[36m[2023-01-17 10:10:36] ERROR:[0m CreateCondaEnvironmentException:
[36m[2023-01-17 10:10:36] ERROR:[0m Could not create conda environment from /panfs/roles/Panpiper/panpiper/workflow/envs/pangenome.yml:
[36m[2023-01-17 10:10:36] ERROR:[0m Command:
[36m[2023-01-17 10:10:36] ERROR:[0m mamba env create --quiet --file "/panfs/roles/Panpiper/panpiper/.snakemake/conda/db7695681074c6f413d04e5ad6554f87_.yaml" --prefix "/panfs/roles/Panpiper/panpiper/.snakemake/conda/db7695681074c6f413d04e5ad6554f87_"
[36m[2023-01-17 10:10:36] ERROR:[0m Output:
[36m[2023-01-17 10:10:36] ERROR:[0m Could not solve for environment specs
[36m[2023-01-17 10:10:36] ERROR:[0m Encountered problems while solving:
[36m[2023-01-17 10:10:36] ERROR:[0m - package perl-bioperl-1.7.2-pl526_8 requires perl-bio-tools-run-alignment-tcoffee, but none of the providers can be installed
[36m[2023-01-17 10:10:36] ERROR:[0m - package poppunk-2.6.0-py38hd5a0cb2_0 requires python >=3.8,<3.9.0a0, but none of the providers can be installed
[36m[2023-01-17 10:10:36] ERROR:[0m 
[36m[2023-01-17 10:10:36] ERROR:[0m The environment can't be solved, aborting the operation
[36m[2023-01-17 10:10:36] ERROR:[0m 
[36m[2023-01-17 10:10:36] ERROR:[0m 
[36m[2023-01-17 10:10:36] ERROR:[0m Snakemake returncode: 1
